C:\USERS\张奕佳\DESKTOP\MYGAME\HOMEWORK3--W\DEBUG\HOMEWORK3.EXE
C:\USERS\张奕佳\DESKTOP\MYGAME\HOMEWORK3--W\DEBUG\HOMEWORK3.ILK
C:\USERS\张奕佳\DESKTOP\MYGAME\HOMEWORK3--W\DEBUG\HOMEWORK3.PDB
C:\USERS\张奕佳\DESKTOP\MYGAME\HOMEWORK3--W\HOMEWORK3\DEBUG\ANIMATIONSPRITE.OBJ
C:\USERS\张奕佳\DESKTOP\MYGAME\HOMEWORK3--W\HOMEWORK3\DEBUG\DEMOGAME.OBJ
C:\USERS\张奕佳\DESKTOP\MYGAME\HOMEWORK3--W\HOMEWORK3\DEBUG\EXPLAINSCENE.OBJ
C:\USERS\张奕佳\DESKTOP\MYGAME\HOMEWORK3--W\HOMEWORK3\DEBUG\GAME.OBJ
C:\USERS\张奕佳\DESKTOP\MYGAME\HOMEWORK3--W\HOMEWORK3\DEBUG\GAMESCENE.OBJ
C:\USERS\张奕佳\DESKTOP\MYGAME\HOMEWORK3--W\HOMEWORK3\DEBUG\HOMEWORK3.EXE.EMBED.MANIFEST.RES
C:\USERS\张奕佳\DESKTOP\MYGAME\HOMEWORK3--W\HOMEWORK3\DEBUG\HOMEWORK3.EXE.INTERMEDIATE.MANIFEST
C:\USERS\张奕佳\DESKTOP\MYGAME\HOMEWORK3--W\HOMEWORK3\DEBUG\INPUT.OBJ
C:\USERS\张奕佳\DESKTOP\MYGAME\HOMEWORK3--W\HOMEWORK3\DEBUG\MAIN.OBJ
C:\USERS\张奕佳\DESKTOP\MYGAME\HOMEWORK3--W\HOMEWORK3\DEBUG\RANKLISTSCENE.OBJ
C:\USERS\张奕佳\DESKTOP\MYGAME\HOMEWORK3--W\HOMEWORK3\DEBUG\RESOURCESPOOL.OBJ
C:\USERS\张奕佳\DESKTOP\MYGAME\HOMEWORK3--W\HOMEWORK3\DEBUG\SPRITE.OBJ
C:\USERS\张奕佳\DESKTOP\MYGAME\HOMEWORK3--W\HOMEWORK3\DEBUG\SPRITEBUTTON.OBJ
C:\USERS\张奕佳\DESKTOP\MYGAME\HOMEWORK3--W\HOMEWORK3\DEBUG\SPRITESMANAGER.OBJ
C:\USERS\张奕佳\DESKTOP\MYGAME\HOMEWORK3--W\HOMEWORK3\DEBUG\STARTSCENE.OBJ
C:\USERS\张奕佳\DESKTOP\MYGAME\HOMEWORK3--W\HOMEWORK3\DEBUG\VC100.PDB
C:\USERS\张奕佳\DESKTOP\MYGAME\HOMEWORK3--W\HOMEWORK3\DEBUG\XAUDIO2SOUNDPLAYER.OBJ
C:\USERS\张奕佳\DESKTOP\MYGAME\HOMEWORK3-Z\DEBUG\HOMEWORK3.EXE
C:\Users\张奕佳\Desktop\MyGame\homework3-Z\Debug\homework3.exe.manifest
C:\USERS\张奕佳\DESKTOP\MYGAME\HOMEWORK3-Z\DEBUG\HOMEWORK3.ILK
C:\USERS\张奕佳\DESKTOP\MYGAME\HOMEWORK3-Z\DEBUG\HOMEWORK3.PDB
C:\USERS\张奕佳\DESKTOP\MYGAME\HOMEWORK3-Z\HOMEWORK3\DEBUG\ANIMATIONSPRITE.OBJ
C:\Users\张奕佳\Desktop\MyGame\homework3-Z\homework3\Debug\cl.command.1.tlog
C:\Users\张奕佳\Desktop\MyGame\homework3-Z\homework3\Debug\CL.read.1.tlog
C:\Users\张奕佳\Desktop\MyGame\homework3-Z\homework3\Debug\CL.write.1.tlog
C:\USERS\张奕佳\DESKTOP\MYGAME\HOMEWORK3-Z\HOMEWORK3\DEBUG\DEMOGAME.OBJ
C:\USERS\张奕佳\DESKTOP\MYGAME\HOMEWORK3-Z\HOMEWORK3\DEBUG\EXPLAINSCENE.OBJ
C:\USERS\张奕佳\DESKTOP\MYGAME\HOMEWORK3-Z\HOMEWORK3\DEBUG\GAME.OBJ
C:\USERS\张奕佳\DESKTOP\MYGAME\HOMEWORK3-Z\HOMEWORK3\DEBUG\GAMESCENE.OBJ
C:\Users\张奕佳\Desktop\MyGame\homework3-Z\homework3\Debug\homework3.exe.embed.manifest
C:\USERS\张奕佳\DESKTOP\MYGAME\HOMEWORK3-Z\HOMEWORK3\DEBUG\HOMEWORK3.EXE.EMBED.MANIFEST.RES
C:\USERS\张奕佳\DESKTOP\MYGAME\HOMEWORK3-Z\HOMEWORK3\DEBUG\HOMEWORK3.EXE.INTERMEDIATE.MANIFEST
C:\Users\张奕佳\Desktop\MyGame\homework3-Z\homework3\Debug\homework3.vcxprojResolveAssemblyReference.cache
C:\Users\张奕佳\Desktop\MyGame\homework3-Z\homework3\Debug\homework3.write.1.tlog
C:\Users\张奕佳\Desktop\MyGame\homework3-Z\homework3\Debug\homework3_manifest.rc
C:\USERS\张奕佳\DESKTOP\MYGAME\HOMEWORK3-Z\HOMEWORK3\DEBUG\INPUT.OBJ
C:\Users\张奕佳\Desktop\MyGame\homework3-Z\homework3\Debug\link.10252.read.1.tlog
C:\Users\张奕佳\Desktop\MyGame\homework3-Z\homework3\Debug\link.10252.write.1.tlog
C:\Users\张奕佳\Desktop\MyGame\homework3-Z\homework3\Debug\link.10272.read.1.tlog
C:\Users\张奕佳\Desktop\MyGame\homework3-Z\homework3\Debug\link.10272.write.1.tlog
C:\Users\张奕佳\Desktop\MyGame\homework3-Z\homework3\Debug\link.11516.read.1.tlog
C:\Users\张奕佳\Desktop\MyGame\homework3-Z\homework3\Debug\link.11516.write.1.tlog
C:\Users\张奕佳\Desktop\MyGame\homework3-Z\homework3\Debug\link.11516-cvtres.read.1.tlog
C:\Users\张奕佳\Desktop\MyGame\homework3-Z\homework3\Debug\link.11516-cvtres.write.1.tlog
C:\Users\张奕佳\Desktop\MyGame\homework3-Z\homework3\Debug\link.12188.read.1.tlog
C:\Users\张奕佳\Desktop\MyGame\homework3-Z\homework3\Debug\link.12188.write.1.tlog
C:\Users\张奕佳\Desktop\MyGame\homework3-Z\homework3\Debug\link.12188-cvtres.read.1.tlog
C:\Users\张奕佳\Desktop\MyGame\homework3-Z\homework3\Debug\link.12188-cvtres.write.1.tlog
C:\Users\张奕佳\Desktop\MyGame\homework3-Z\homework3\Debug\link.12852.read.1.tlog
C:\Users\张奕佳\Desktop\MyGame\homework3-Z\homework3\Debug\link.12852.write.1.tlog
C:\Users\张奕佳\Desktop\MyGame\homework3-Z\homework3\Debug\link.12924.read.1.tlog
C:\Users\张奕佳\Desktop\MyGame\homework3-Z\homework3\Debug\link.12924.write.1.tlog
C:\Users\张奕佳\Desktop\MyGame\homework3-Z\homework3\Debug\link.12924-cvtres.read.1.tlog
C:\Users\张奕佳\Desktop\MyGame\homework3-Z\homework3\Debug\link.12924-cvtres.write.1.tlog
C:\Users\张奕佳\Desktop\MyGame\homework3-Z\homework3\Debug\link.13272.read.1.tlog
C:\Users\张奕佳\Desktop\MyGame\homework3-Z\homework3\Debug\link.13272.write.1.tlog
C:\Users\张奕佳\Desktop\MyGame\homework3-Z\homework3\Debug\link.13272-cvtres.read.1.tlog
C:\Users\张奕佳\Desktop\MyGame\homework3-Z\homework3\Debug\link.13272-cvtres.write.1.tlog
C:\Users\张奕佳\Desktop\MyGame\homework3-Z\homework3\Debug\link.13656.read.1.tlog
C:\Users\张奕佳\Desktop\MyGame\homework3-Z\homework3\Debug\link.13656.write.1.tlog
C:\Users\张奕佳\Desktop\MyGame\homework3-Z\homework3\Debug\link.13656-cvtres.read.1.tlog
C:\Users\张奕佳\Desktop\MyGame\homework3-Z\homework3\Debug\link.13656-cvtres.write.1.tlog
C:\Users\张奕佳\Desktop\MyGame\homework3-Z\homework3\Debug\link.14808.read.1.tlog
C:\Users\张奕佳\Desktop\MyGame\homework3-Z\homework3\Debug\link.14808.write.1.tlog
C:\Users\张奕佳\Desktop\MyGame\homework3-Z\homework3\Debug\link.16024.read.1.tlog
C:\Users\张奕佳\Desktop\MyGame\homework3-Z\homework3\Debug\link.16024.write.1.tlog
C:\Users\张奕佳\Desktop\MyGame\homework3-Z\homework3\Debug\link.16024-cvtres.read.1.tlog
C:\Users\张奕佳\Desktop\MyGame\homework3-Z\homework3\Debug\link.16024-cvtres.write.1.tlog
C:\Users\张奕佳\Desktop\MyGame\homework3-Z\homework3\Debug\link.16300.read.1.tlog
C:\Users\张奕佳\Desktop\MyGame\homework3-Z\homework3\Debug\link.16300.write.1.tlog
C:\Users\张奕佳\Desktop\MyGame\homework3-Z\homework3\Debug\link.1976.read.1.tlog
C:\Users\张奕佳\Desktop\MyGame\homework3-Z\homework3\Debug\link.1976.write.1.tlog
C:\Users\张奕佳\Desktop\MyGame\homework3-Z\homework3\Debug\link.3608.read.1.tlog
C:\Users\张奕佳\Desktop\MyGame\homework3-Z\homework3\Debug\link.3608.write.1.tlog
C:\Users\张奕佳\Desktop\MyGame\homework3-Z\homework3\Debug\link.3608-cvtres.read.1.tlog
C:\Users\张奕佳\Desktop\MyGame\homework3-Z\homework3\Debug\link.3608-cvtres.write.1.tlog
C:\Users\张奕佳\Desktop\MyGame\homework3-Z\homework3\Debug\link.4516.read.1.tlog
C:\Users\张奕佳\Desktop\MyGame\homework3-Z\homework3\Debug\link.4516.write.1.tlog
C:\Users\张奕佳\Desktop\MyGame\homework3-Z\homework3\Debug\link.540.read.1.tlog
C:\Users\张奕佳\Desktop\MyGame\homework3-Z\homework3\Debug\link.540.write.1.tlog
C:\Users\张奕佳\Desktop\MyGame\homework3-Z\homework3\Debug\link.5620.read.1.tlog
C:\Users\张奕佳\Desktop\MyGame\homework3-Z\homework3\Debug\link.5620.write.1.tlog
C:\Users\张奕佳\Desktop\MyGame\homework3-Z\homework3\Debug\link.7804.read.1.tlog
C:\Users\张奕佳\Desktop\MyGame\homework3-Z\homework3\Debug\link.7804.write.1.tlog
C:\Users\张奕佳\Desktop\MyGame\homework3-Z\homework3\Debug\link.8940.read.1.tlog
C:\Users\张奕佳\Desktop\MyGame\homework3-Z\homework3\Debug\link.8940.write.1.tlog
C:\Users\张奕佳\Desktop\MyGame\homework3-Z\homework3\Debug\link.8940-cvtres.read.1.tlog
C:\Users\张奕佳\Desktop\MyGame\homework3-Z\homework3\Debug\link.8940-cvtres.write.1.tlog
C:\Users\张奕佳\Desktop\MyGame\homework3-Z\homework3\Debug\link.9316.read.1.tlog
C:\Users\张奕佳\Desktop\MyGame\homework3-Z\homework3\Debug\link.9316.write.1.tlog
C:\Users\张奕佳\Desktop\MyGame\homework3-Z\homework3\Debug\link.command.1.tlog
C:\Users\张奕佳\Desktop\MyGame\homework3-Z\homework3\Debug\link.read.1.tlog
C:\Users\张奕佳\Desktop\MyGame\homework3-Z\homework3\Debug\link.write.1.tlog
C:\Users\张奕佳\Desktop\MyGame\homework3-Z\homework3\Debug\link-cvtres.read.1.tlog
C:\Users\张奕佳\Desktop\MyGame\homework3-Z\homework3\Debug\link-cvtres.write.1.tlog
C:\USERS\张奕佳\DESKTOP\MYGAME\HOMEWORK3-Z\HOMEWORK3\DEBUG\MAIN.OBJ
C:\Users\张奕佳\Desktop\MyGame\homework3-Z\homework3\Debug\mt.command.1.tlog
C:\Users\张奕佳\Desktop\MyGame\homework3-Z\homework3\Debug\mt.read.1.tlog
C:\Users\张奕佳\Desktop\MyGame\homework3-Z\homework3\Debug\mt.write.1.tlog
C:\Users\张奕佳\Desktop\MyGame\homework3-Z\homework3\Debug\RankListScene.obj
C:\Users\张奕佳\Desktop\MyGame\homework3-Z\homework3\Debug\rc.command.1.tlog
C:\Users\张奕佳\Desktop\MyGame\homework3-Z\homework3\Debug\rc.read.1.tlog
C:\Users\张奕佳\Desktop\MyGame\homework3-Z\homework3\Debug\rc.write.1.tlog
C:\USERS\张奕佳\DESKTOP\MYGAME\HOMEWORK3-Z\HOMEWORK3\DEBUG\RESOURCESPOOL.OBJ
C:\USERS\张奕佳\DESKTOP\MYGAME\HOMEWORK3-Z\HOMEWORK3\DEBUG\SPRITE.OBJ
C:\USERS\张奕佳\DESKTOP\MYGAME\HOMEWORK3-Z\HOMEWORK3\DEBUG\SPRITEBUTTON.OBJ
C:\USERS\张奕佳\DESKTOP\MYGAME\HOMEWORK3-Z\HOMEWORK3\DEBUG\SPRITESMANAGER.OBJ
C:\USERS\张奕佳\DESKTOP\MYGAME\HOMEWORK3-Z\HOMEWORK3\DEBUG\STARTSCENE.OBJ
C:\Users\张奕佳\Desktop\MyGame\homework3-Z\homework3\Debug\vc100.idb
C:\USERS\张奕佳\DESKTOP\MYGAME\HOMEWORK3-Z\HOMEWORK3\DEBUG\VC100.PDB
C:\USERS\张奕佳\DESKTOP\MYGAME\HOMEWORK3-Z\HOMEWORK3\DEBUG\XAUDIO2SOUNDPLAYER.OBJ
E:\HOMEWORK3-Z\DEBUG\HOMEWORK3.EXE
E:\HOMEWORK3-Z\DEBUG\HOMEWORK3.ILK
E:\HOMEWORK3-Z\DEBUG\HOMEWORK3.PDB
E:\HOMEWORK3-Z\HOMEWORK3\DEBUG\ANIMATIONSPRITE.OBJ
E:\HOMEWORK3-Z\HOMEWORK3\DEBUG\DEMOGAME.OBJ
E:\HOMEWORK3-Z\HOMEWORK3\DEBUG\EXPLAINSCENE.OBJ
E:\HOMEWORK3-Z\HOMEWORK3\DEBUG\GAME.OBJ
E:\HOMEWORK3-Z\HOMEWORK3\DEBUG\GAMESCENE.OBJ
E:\HOMEWORK3-Z\HOMEWORK3\DEBUG\HOMEWORK3.EXE.INTERMEDIATE.MANIFEST
E:\HOMEWORK3-Z\HOMEWORK3\DEBUG\INPUT.OBJ
E:\HOMEWORK3-Z\HOMEWORK3\DEBUG\MAIN.OBJ
E:\HOMEWORK3-Z\HOMEWORK3\DEBUG\RESOURCESPOOL.OBJ
E:\HOMEWORK3-Z\HOMEWORK3\DEBUG\SPRITE.OBJ
E:\HOMEWORK3-Z\HOMEWORK3\DEBUG\SPRITEBUTTON.OBJ
E:\HOMEWORK3-Z\HOMEWORK3\DEBUG\SPRITESMANAGER.OBJ
E:\HOMEWORK3-Z\HOMEWORK3\DEBUG\STARTSCENE.OBJ
E:\HOMEWORK3-Z\HOMEWORK3\DEBUG\VC100.PDB
E:\HOMEWORK3-Z\HOMEWORK3\DEBUG\XAUDIO2SOUNDPLAYER.OBJ
E:\我爱学习\游戏综合实践I\HOMEWORK3\DEBUG\HOMEWORK3.EXE
E:\我爱学习\游戏综合实践I\HOMEWORK3\DEBUG\HOMEWORK3.ILK
E:\我爱学习\游戏综合实践I\HOMEWORK3\DEBUG\HOMEWORK3.PDB
E:\我爱学习\游戏综合实践I\HOMEWORK3\HOMEWORK3\DEBUG\ANIMATIONSPRITE.OBJ
E:\我爱学习\游戏综合实践I\HOMEWORK3\HOMEWORK3\DEBUG\DEMOGAME.OBJ
E:\我爱学习\游戏综合实践I\HOMEWORK3\HOMEWORK3\DEBUG\GAME.OBJ
E:\我爱学习\游戏综合实践I\HOMEWORK3\HOMEWORK3\DEBUG\GAMESCENE.OBJ
E:\我爱学习\游戏综合实践I\HOMEWORK3\HOMEWORK3\DEBUG\HOMEWORK3.EXE.EMBED.MANIFEST
E:\我爱学习\游戏综合实践I\HOMEWORK3\HOMEWORK3\DEBUG\HOMEWORK3.EXE.EMBED.MANIFEST.RES
E:\我爱学习\游戏综合实践I\HOMEWORK3\HOMEWORK3\DEBUG\HOMEWORK3.EXE.INTERMEDIATE.MANIFEST
E:\我爱学习\游戏综合实践I\HOMEWORK3\HOMEWORK3\DEBUG\INPUT.OBJ
E:\我爱学习\游戏综合实践I\HOMEWORK3\HOMEWORK3\DEBUG\MAIN.OBJ
E:\我爱学习\游戏综合实践I\HOMEWORK3\HOMEWORK3\DEBUG\RESOURCESPOOL.OBJ
E:\我爱学习\游戏综合实践I\HOMEWORK3\HOMEWORK3\DEBUG\SPRITE.OBJ
E:\我爱学习\游戏综合实践I\HOMEWORK3\HOMEWORK3\DEBUG\SPRITEBUTTON.OBJ
E:\我爱学习\游戏综合实践I\HOMEWORK3\HOMEWORK3\DEBUG\SPRITESMANAGER.OBJ
E:\我爱学习\游戏综合实践I\HOMEWORK3\HOMEWORK3\DEBUG\STARTSCENE.OBJ
E:\我爱学习\游戏综合实践I\HOMEWORK3\HOMEWORK3\DEBUG\VC100.PDB
E:\我爱学习\游戏综合实践I\HOMEWORK3\HOMEWORK3\DEBUG\XAUDIO2SOUNDPLAYER.OBJ
I:\HOMEWORK3-Z\DEBUG\HOMEWORK3.EXE
I:\HOMEWORK3-Z\DEBUG\HOMEWORK3.EXE.MANIFEST
I:\HOMEWORK3-Z\DEBUG\HOMEWORK3.ILK
I:\HOMEWORK3-Z\DEBUG\HOMEWORK3.PDB
I:\HOMEWORK3-Z\HOMEWORK3\DEBUG\ANIMATIONSPRITE.OBJ
I:\HOMEWORK3-Z\HOMEWORK3\DEBUG\DEMOGAME.OBJ
I:\HOMEWORK3-Z\HOMEWORK3\DEBUG\EXPLAINSCENE.OBJ
I:\HOMEWORK3-Z\HOMEWORK3\DEBUG\GAME.OBJ
I:\HOMEWORK3-Z\HOMEWORK3\DEBUG\GAMESCENE.OBJ
I:\HOMEWORK3-Z\HOMEWORK3\DEBUG\HOMEWORK3.EXE.INTERMEDIATE.MANIFEST
I:\HOMEWORK3-Z\HOMEWORK3\DEBUG\INPUT.OBJ
I:\HOMEWORK3-Z\HOMEWORK3\DEBUG\MAIN.OBJ
I:\HOMEWORK3-Z\HOMEWORK3\DEBUG\RESOURCESPOOL.OBJ
I:\HOMEWORK3-Z\HOMEWORK3\DEBUG\SPRITE.OBJ
I:\HOMEWORK3-Z\HOMEWORK3\DEBUG\SPRITEBUTTON.OBJ
I:\HOMEWORK3-Z\HOMEWORK3\DEBUG\SPRITESMANAGER.OBJ
I:\HOMEWORK3-Z\HOMEWORK3\DEBUG\STARTSCENE.OBJ
I:\HOMEWORK3-Z\HOMEWORK3\DEBUG\VC100.PDB
I:\HOMEWORK3-Z\HOMEWORK3\DEBUG\XAUDIO2SOUNDPLAYER.OBJ
